app/build/outputs/mapping/release/seeds.txt
cn.domon.myweather.R$color: int address_select
cn.domon.myweather.R$color: int black_normal
cn.domon.myweather.R$color: int blue
cn.domon.myweather.R$color: int bottom_btn_normal
cn.domon.myweather.R$color: int bottom_btn_pressed
cn.domon.myweather.R$color: int global_black
cn.domon.myweather.R$color: int global_black_color
cn.domon.myweather.R$color: int global_edittext_hint_color
cn.domon.myweather.R$color: int global_edittext_input_color
cn.domon.myweather.R$color: int global_gray
cn.domon.myweather.R$color: int global_gray_color
cn.domon.myweather.R$color: int global_link_color
cn.domon.myweather.R$color: int global_pink_color
cn.domon.myweather.R$color: int global_split_bline_color
cn.domon.myweather.R$color: int global_split_sline_color
cn.domon.myweather.R$color: int global_white_color
cn.domon.myweather.R$color: int green_one
cn.domon.myweather.R$color: int green_three
cn.domon.myweather.R$color: int green_two
cn.domon.myweather.R$color: int login_btn_orange
cn.domon.myweather.R$color: int main_text_color
cn.domon.myweather.R$color: int selected_tag
cn.domon.myweather.R$color: int tv_normal_color
cn.domon.myweather.R$color: int tv_pressed_color
cn.domon.myweather.R$dimen: int activity_horizontal_margin
cn.domon.myweather.R$dimen: int activity_vertical_margin
cn.domon.myweather.R$drawable: int ic_launcher
cn.domon.myweather.R$id: int action_settings
cn.domon.myweather.R$id: int body_rl
cn.domon.myweather.R$id: int city_name
cn.domon.myweather.R$id: int current_data
cn.domon.myweather.R$id: int list_view
cn.domon.myweather.R$id: int publish_text
cn.domon.myweather.R$id: int temp1
cn.domon.myweather.R$id: int temp2
cn.domon.myweather.R$id: int title_rl
cn.domon.myweather.R$id: int title_text
cn.domon.myweather.R$id: int weather_desp
cn.domon.myweather.R$id: int weather_info_layout
cn.domon.myweather.R$layout: int choose_area
cn.domon.myweather.R$layout: int weather_layout
cn.domon.myweather.R$menu: int menu_main
cn.domon.myweather.R$string: int action_settings
cn.domon.myweather.R$string: int app_name
cn.domon.myweather.R$string: int hello_world
cn.domon.myweather.R$style: int AppTheme
cn.domon.myweather.activity.ChooseAreaActivity
cn.domon.myweather.activity.ChooseAreaActivity: ChooseAreaActivity()
cn.domon.myweather.activity.WeatherActivity
cn.domon.myweather.activity.WeatherActivity: WeatherActivity()
cn.domon.myweather.activity.WeatherActivity: void onClick(android.view.View)
...
com.umeng.analytics.Gender: com.umeng.analytics.Gender[] values()
com.umeng.analytics.Gender: com.umeng.analytics.Gender valueOf(java.lang.String)
com.umeng.analytics.social.UMPlatformData$GENDER: com.umeng.analytics.social.UMPlatformData$GENDER[] values()
com.umeng.analytics.social.UMPlatformData$GENDER: com.umeng.analytics.social.UMPlatformData$GENDER valueOf(java.lang.String)
com.umeng.analytics.social.UMPlatformData$UMedia: com.umeng.analytics.social.UMPlatformData$UMedia[] values()
com.umeng.analytics.social.UMPlatformData$UMedia: com.umeng.analytics.social.UMPlatformData$UMedia valueOf(java.lang.String)
u.aly.al: u.aly.al[] values()
u.aly.al: u.aly.al valueOf(java.lang.String)
u.aly.am$e: u.aly.am$e[] values()
u.aly.am$e: u.aly.am$e valueOf(java.lang.String)
u.aly.an$e: u.aly.an$e[] values()
u.aly.an$e: u.aly.an$e valueOf(java.lang.String)
u.aly.ao$e: u.aly.ao$e[] values()
u.aly.ao$e: u.aly.ao$e valueOf(java.lang.String)
u.aly.ap$e: u.aly.ap$e[] values()
u.aly.ap$e: u.aly.ap$e valueOf(java.lang.String)
u.aly.aq$e: u.aly.aq$e[] values()
u.aly.aq$e: u.aly.aq$e valueOf(java.lang.String)
u.aly.ar$e: u.aly.ar$e[] values()
u.aly.ar$e: u.aly.ar$e valueOf(java.lang.String)
u.aly.as$e: u.aly.as$e[] values()
u.aly.as$e: u.aly.as$e valueOf(java.lang.String)
u.aly.at$e: u.aly.at$e[] values()
u.aly.at$e: u.aly.at$e valueOf(java.lang.String)
u.aly.au: u.aly.au[] values()
u.aly.au: u.aly.au valueOf(java.lang.String)
u.aly.av$e: u.aly.av$e[] values()
u.aly.av$e: u.aly.av$e valueOf(java.lang.String)
u.aly.aw: u.aly.aw[] values()
u.aly.aw: u.aly.aw valueOf(java.lang.String)
u.aly.ax$e: u.aly.ax$e[] values()
u.aly.ax$e: u.aly.ax$e valueOf(java.lang.String)
u.aly.ay$e: u.aly.ay$e[] values()
u.aly.ay$e: u.aly.ay$e valueOf(java.lang.String)
u.aly.az$e: u.aly.az$e[] values()
u.aly.az$e: u.aly.az$e valueOf(java.lang.String)
u.aly.ba$e: u.aly.ba$e[] values()
u.aly.ba$e: u.aly.ba$e valueOf(java.lang.String)
u.aly.bb$e: u.aly.bb$e[] values()
u.aly.bb$e: u.aly.bb$e valueOf(java.lang.String)
u.aly.bc$e: u.aly.bc$e[] values()
u.aly.bc$e: u.aly.bc$e valueOf(java.lang.String)
u.aly.bd$e: u.aly.bd$e[] values()
u.aly.bd$e: u.aly.bd$e valueOf(java.lang.String)
u.aly.be$e: u.aly.be$e[] values()
u.aly.be$e: u.aly.be$e valueOf(java.lang.String)
u.aly.bf$e: u.aly.bf$e[] values()
u.aly.bf$e: u.aly.bf$e valueOf(java.lang.String)
u.aly.bg$e: u.aly.bg$e[] values()
u.aly.bg$e: u.aly.bg$e valueOf(java.lang.String)
u.aly.bh$a: u.aly.bh$a[] values()
u.aly.bh$a: u.aly.bh$a valueOf(java.lang.String)
u.aly.bi$e: u.aly.bi$e[] values()
u.aly.bi$e: u.aly.bi$e valueOf(java.lang.String)
u.aly.bj$e: u.aly.bj$e[] values()
u.aly.bj$e: u.aly.bj$e valueOf(java.lang.String)
u.aly.bk: u.aly.bk[] values()
u.aly.bk: u.aly.bk valueOf(java.lang.String)
u.aly.bl$e: u.aly.bl$e[] values()
u.aly.bl$e: u.aly.bl$e valueOf(java.lang.String)
u.aly.bm$e: u.aly.bm$e[] values()
u.aly.bm$e: u.aly.bm$e valueOf(java.lang.String)
u.aly.bn$e: u.aly.bn$e[] values()
u.aly.bn$e: u.aly.bn$e valueOf(java.lang.String)
u.aly.bo$e: u.aly.bo$e[] values()
u.aly.bo$e: u.aly.bo$e valueOf(java.lang.String)
u.aly.bp$e: u.aly.bp$e[] values()
u.aly.bp$e: u.aly.bp$e valueOf(java.lang.String)
u.aly.bv$a: u.aly.bv$a[] values()
u.aly.bv$a: u.aly.bv$a valueOf(java.lang.String)