app/build/outputs/mapping/release/mapping.txt
cn.domon.myweather.activity.ChooseAreaActivity -> cn.domon.myweather.activity.ChooseAreaActivity:
    android.app.ProgressDialog progressDialog -> a
    android.widget.TextView titleText -> b
    android.widget.ListView listView -> c
    android.widget.ArrayAdapter adapter -> d
    cn.domon.myweather.model.MyWeatherDB myWeatherDB -> e
    android.widget.RelativeLayout titleRl -> f
    java.util.List dataList -> g
    java.util.List provincesList -> h
    java.util.List cityList -> i
    java.util.List countyList -> j
    cn.domon.myweather.model.Province selectedProvince -> k
    cn.domon.myweather.model.City selectedCity -> l
    int currentLevel -> m
    void onCreate(android.os.Bundle) -> onCreate
    void onResume() -> onResume
    void onPause() -> onPause
    void queryProvinces() -> a
    void queryCities() -> b
    void queryCounties() -> c
    void queryFromServer(java.lang.String,java.lang.String) -> a
    void showProgressDialog() -> d
    void closeProgressDialog() -> e
    void onBackPressed() -> onBackPressed
    int access$000(cn.domon.myweather.activity.ChooseAreaActivity) -> a
    cn.domon.myweather.model.Province access$102(cn.domon.myweather.activity.ChooseAreaActivity,cn.domon.myweather.model.Province) -> a
    java.util.List access$200(cn.domon.myweather.activity.ChooseAreaActivity) -> b
    android.widget.RelativeLayout access$300(cn.domon.myweather.activity.ChooseAreaActivity) -> c
cn.domon.myweather.activity.ChooseAreaActivity$1 -> cn.domon.myweather.activity.a:
    cn.domon.myweather.activity.ChooseAreaActivity this$0 -> a
    void onItemClick(android.widget.AdapterView,android.view.View,int,long) -> onItemClick
cn.domon.myweather.activity.ChooseAreaActivity$2 -> cn.domon.myweather.activity.b:
    java.lang.String val$type -> a
    cn.domon.myweather.activity.ChooseAreaActivity this$0 -> b
    void onFinish(java.lang.String) -> a
    void onError(java.lang.Exception) -> a
cn.domon.myweather.activity.ChooseAreaActivity$2$1 -> cn.domon.myweather.activity.c:
    cn.domon.myweather.activity.ChooseAreaActivity$2 this$1 -> a
    void run() -> run
cn.domon.myweather.activity.ChooseAreaActivity$2$2 -> cn.domon.myweather.activity.d:
    cn.domon.myweather.activity.ChooseAreaActivity$2 this$1 -> a
    void run() -> run
cn.domon.myweather.activity.WeatherActivity -> cn.domon.myweather.activity.WeatherActivity:
    android.widget.LinearLayout weatherInfoLayout -> a
    android.widget.TextView cityNameText -> b
    android.widget.TextView publishText -> c
    android.widget.TextView weatherDespText -> d
    android.widget.TextView temp1Text -> e
    android.widget.TextView temp2Text -> f
    android.widget.TextView currentDateText -> g
    android.widget.RelativeLayout badyRl -> h
    int count -> i
    void onCreate(android.os.Bundle) -> onCreate
    void queryWeatherCode(java.lang.String) -> a
    void queryWeatherInfo(java.lang.String) -> b
    void queryFromServer(java.lang.String,java.lang.String) -> a
    void showWeather() -> a
    void onClick(android.view.View) -> onClick
    void onDestroy() -> onDestroy
    void onResume() -> onResume
    void onPause() -> onPause
    void access$000(cn.domon.myweather.activity.WeatherActivity,java.lang.String) -> a
    void access$100(cn.domon.myweather.activity.WeatherActivity) -> a
    android.widget.TextView access$200(cn.domon.myweather.activity.WeatherActivity) -> b
cn.domon.myweather.activity.WeatherActivity$1 -> cn.domon.myweather.activity.e:
    java.lang.String val$type -> a
    cn.domon.myweather.activity.WeatherActivity this$0 -> b
    void onFinish(java.lang.String) -> a
    void onError(java.lang.Exception) -> a
cn.domon.myweather.activity.WeatherActivity$1$1 -> cn.domon.myweather.activity.f:
    cn.domon.myweather.activity.WeatherActivity$1 this$1 -> a
    void run() -> run
cn.domon.myweather.activity.WeatherActivity$1$2 -> cn.domon.myweather.activity.g:
    cn.domon.myweather.activity.WeatherActivity$1 this$1 -> a
    void run() -> run
...
u.aly.cs -> b.a.gx:
    java.lang.Class a -> a
u.aly.ct -> b.a.gy:
    java.lang.String a -> a
    byte b -> b
    u.aly.cu c -> c
    java.util.Map d -> d
    void a(java.lang.Class,java.util.Map) -> a
u.aly.cu -> b.a.gz:
    byte b -> b
    boolean a -> a
    java.lang.String c -> c
    boolean d -> d
u.aly.cv -> b.a.ha:
    u.aly.cu a -> a
u.aly.cw -> b.a.hb:
    u.aly.cu a -> a
    u.aly.cu c -> c
u.aly.cy -> b.a.hc:
    java.lang.Class a -> a
u.aly.cz -> b.a.hd:
    u.aly.dl h -> f
    boolean c -> a
    boolean d -> b
    int e -> c
    boolean f -> d
    byte[] i -> g
    byte[] j -> h
    byte[] k -> i
    byte[] l -> j
    byte[] m -> k
    byte[] n -> l
    byte[] o -> m
    byte[] p -> n
    void a(u.aly.dl) -> a
    void b() -> a
    void a(u.aly.db) -> a
    void c() -> b
    void d() -> c
    void a(u.aly.dd) -> a
    void e() -> d
    void a(u.aly.dc) -> a
    void f() -> e
    void a(boolean) -> a
    void a(byte) -> a
    void a(short) -> a
    void a(int) -> a
    void a(long) -> a
    void a(double) -> a
    void a(java.lang.String) -> a
    void a(java.nio.ByteBuffer) -> a
    u.aly.dl j() -> f
    void k() -> g
    u.aly.db l() -> h
    void m() -> i
    u.aly.dd n() -> j
    void o() -> k
    u.aly.dc p() -> l
    void q() -> m
    u.aly.dk r() -> n
    void s() -> o
    boolean t() -> p
    byte u() -> q
    short v() -> r
    int w() -> s
    long x() -> t
    double y() -> u
    java.lang.String z() -> v
    java.lang.String b(int) -> b
    java.nio.ByteBuffer A() -> w
    int a(byte[],int,int) -> a
    void c(int) -> c
    void d(int) -> d
u.aly.cz$a -> b.a.he:
    boolean a -> a
    boolean b -> b
    int c -> c
    u.aly.dg a(u.aly.du) -> a
u.aly.d -> b.a.hf:
    java.lang.String b -> b
    java.io.File c -> c
    u.aly.az d -> d
    long e -> e
    long f -> f
    java.util.Set g -> g
    u.aly.d$a h -> h
    u.aly.d a -> a
    u.aly.d a(android.content.Context) -> a
    boolean a(u.aly.a) -> a
    void a() -> a
    u.aly.az b() -> b
    void g() -> f
    void d() -> c
    void e() -> d
    void f() -> e
    u.aly.az h() -> g
    void a(u.aly.az) -> a
u.aly.d$a -> b.a.hg:
    android.content.Context a -> a
    java.util.Set b -> b
    boolean a(java.lang.String) -> a
    void b(java.lang.String) -> b
    void a() -> a
    void b() -> b
u.aly.da -> b.a.hh:
    u.aly.dl d -> d
    u.aly.db e -> f
    byte[] f -> g
    u.aly.cf m -> h
    short n -> i
    u.aly.db o -> j
    java.lang.Boolean p -> k
    long q -> l
    byte[] a -> a
    byte[] b -> b
    byte[] r -> m
    byte[] c -> c
    void B() -> x
    void a(u.aly.dl) -> a
    void b() -> a
    void a(u.aly.db) -> a
    void a(u.aly.db,byte) -> a
    void d() -> c
    void a(u.aly.dd) -> a
    void a(u.aly.dc) -> a
    void a(boolean) -> a
    void a(byte) -> a
    void a(short) -> a
    void a(int) -> a
    void a(long) -> a
    void a(double) -> a
    void a(java.lang.String) -> a
    void a(java.nio.ByteBuffer) -> a
    void a(byte[],int,int) -> a
    void e() -> d
    void f() -> e
    void c() -> b
    void a(byte,int) -> a
    void b(int) -> b
    void b(long) -> b
    long c(long) -> c
    int c(int) -> c
    void a(long,byte[],int) -> a
    void b(byte) -> b
    void d(int) -> d
    u.aly.dl j() -> f
    void k() -> g
    u.aly.db l() -> h
    u.aly.dd n() -> j
    u.aly.dc p() -> l
    u.aly.dk r() -> n
    boolean t() -> p
    byte u() -> q
    short v() -> r
    int w() -> s
    long x() -> t
    double y() -> u
    java.lang.String z() -> v
    java.nio.ByteBuffer A() -> w
    byte[] e(int) -> e
    void f(int) -> f
    void m() -> i
    void o() -> k
    void q() -> m
    void s() -> o
    int E() -> z
    long F() -> A
    int g(int) -> g
    long d(long) -> d
    long a(byte[]) -> a
    boolean c(byte) -> c
    byte d(byte) -> d
u.aly.da$a -> b.a.hi:
    long a -> a
    u.aly.dg a(u.aly.du) -> a
u.aly.db -> b.a.hj:
    java.lang.String a -> a
    byte b -> b
    short c -> c
    java.lang.String toString() -> toString