app/build/outputs/mapping/release/usage.txt
cn.domon.myweather.BuildConfig
cn.domon.myweather.R
cn.domon.myweather.R$attr
cn.domon.myweather.R$color
cn.domon.myweather.R$dimen
cn.domon.myweather.R$drawable
cn.domon.myweather.R$id
cn.domon.myweather.R$layout
cn.domon.myweather.R$menu
cn.domon.myweather.R$string
cn.domon.myweather.R$style
cn.domon.myweather.activity.ChooseAreaActivity:
    public static final int LEVEL_PROVINCE
    public static final int LEVEL_CITY
    public static final int LEVEL_COUNTY
    private cn.domon.myweather.model.County selectedCounty
cn.domon.myweather.db.MyWeatherOpenHelper:
    public static final java.lang.String CREATE_PROVINCE
    public static final java.lang.String CREATE_CITY
    public static final java.lang.String CREATE_COUNTY
cn.domon.myweather.model.County:
    13:13:public int getId()
cn.domon.myweather.model.MyWeatherDB:
    public static final java.lang.String DB_NAME
    public static final int VERSION
cn.domon.myweather.util.HttpUtil:
    12:12:public HttpUtil()
cn.domon.myweather.util.Utility:
    22:22:public Utility()
...
u.aly.de
u.aly.df
u.aly.dg:
    41:41:private dg()
    59:59:public u.aly.du C()
    public abstract void a(u.aly.de)
    public abstract void a()
    public abstract void a(u.aly.dk)
    public abstract void g()
    public abstract void a(byte)
    public abstract u.aly.de h()
    public abstract void i()
u.aly.dh:
    private static final long h
    public static final int a
    public static final int b
    public static final int c
    public static final int d
    public static final int e
    public static final int f
    39:48:public dh(int)
    39:53:public dh(int,java.lang.String)
    39:62:public dh(int,java.lang.Throwable)
    39:66:public dh(java.lang.Throwable)
    39:70:public dh(java.lang.String,java.lang.Throwable)
    39:75:public dh(int,java.lang.String,java.lang.Throwable)
    78:78:public int a()
u.aly.dj:
    29:29:public dj()
    49:50:public static void a(int)
    171:194:public static u.aly.di a(byte[],u.aly.di)
u.aly.dm:
    41:42:public dm(u.aly.du)
u.aly.dm$a
u.aly.dn
u.aly.ds:
    36:54:public ds(java.io.InputStream)
    36:74:public ds(java.io.InputStream,java.io.OutputStream)
    83:83:public boolean a()
    89:89:public void b()
    95:111:public void c()
    150:158:public void d()
u.aly.dt:
    30:32:public dt(byte[])
    34:36:public dt(byte[],int,int)
    53:53:public void c()
    57:57:public boolean a()
    61:61:public void b()
u.aly.du:
    public abstract boolean a()
    42:42:public boolean i()
    public abstract void b()
    public abstract void c()
    125:125:public void d()
u.aly.dv:
    private static final long g
    public static final int a
    public static final int b
    public static final int c
    public static final int d
    public static final int e
    38:65:public dv(java.lang.Throwable)
    38:69:public dv(java.lang.String,java.lang.Throwable)
    38:74:public dv(int,java.lang.String,java.lang.Throwable)
    77:77:public int a()
u.aly.dw
u.aly.e:
    private static final java.lang.String a
u.aly.f:
    private static final java.lang.String a
    242:243:public boolean d()
u.aly.g:
    private static final java.lang.String a
u.aly.h:
    private static final java.lang.String a
u.aly.i:
    private static final java.lang.String a
u.aly.j:
    private static final java.lang.String a
    private static final java.lang.String b
u.aly.k:
    108:109:public void c()
    326:327:public void a(int,long)
u.aly.k$a:
    495:498:public void a(int,int)
u.aly.l:
    30:31:public void a(u.aly.p)
    34:37:public void a(com.umeng.analytics.onlineconfig.a)
    52:57:public void a()
    69:77:public void c()
u.aly.l$2
u.aly.l$4
u.aly.m:
    28:32:public int a(java.lang.String)
    36:51:public void a(java.lang.String,u.aly.ae)
    54:70:public u.aly.ae b(java.lang.String)
    74:86:private void c(java.lang.String)
    94:108:private boolean d(java.lang.String)
u.aly.o:
    43:56:public void a(java.lang.String,java.util.Map,long)
    60:68:public void a(java.lang.String,java.lang.String,long,int)
    72:80:public void a(java.lang.String,java.util.Map)
    83:87:public void a(java.lang.String,java.lang.String)
    90:100:public void b(java.lang.String,java.lang.String)
    103:112:public void a(java.lang.String,java.util.Map,java.lang.String)
    115:125:public void c(java.lang.String,java.lang.String)
    129:139:private boolean a(java.lang.String)
    143:149:private boolean b(java.lang.String)
    153:172:private boolean a(java.util.Map)
u.aly.p:
    public abstract void a()
    public abstract void c()
u.aly.s:
    45:45:public android.content.Context a()
    49:49:protected boolean a(int)
u.aly.u
u.aly.x:
    private static final java.lang.String a
    10:11:private x()
u.aly.y:
    private static final int a
    private static final int b
    private static final int c